[2025-03-14 13:29:51,356][schnetpack.cli][INFO] - Running on host: gpu002.avon.hpc
[2025-03-14 13:29:51,434][schnetpack.cli][INFO] - Seed randomly...
[2025-03-14 13:29:52,491][schnetpack.cli][INFO] - Instantiating datamodule <schnetpack_gschnet.data.GenerativeAtomsDataModule>
[2025-03-14 13:29:52,834][schnetpack.cli][INFO] - Instantiating model <schnetpack_gschnet.ConditionalGenerativeSchNet>
[2025-03-14 13:29:52,855][schnetpack.cli][INFO] - Instantiating task <schnetpack_gschnet.ConditionalGenerativeSchNetTask>
[2025-03-14 13:29:52,871][schnetpack.cli][INFO] - Instantiating callback <schnetpack.train.ModelCheckpoint>
[2025-03-14 13:29:52,872][schnetpack.cli][INFO] - Instantiating callback <pytorch_lightning.callbacks.EarlyStopping>
[2025-03-14 13:29:52,873][schnetpack.cli][INFO] - Instantiating callback <pytorch_lightning.callbacks.LearningRateMonitor>
[2025-03-14 13:29:52,873][schnetpack.cli][INFO] - Instantiating callback <pytorch_lightning.callbacks.TQDMProgressBar>
[2025-03-14 13:29:52,874][schnetpack.cli][INFO] - Instantiating callback <pytorch_lightning.callbacks.ModelSummary>
[2025-03-14 13:29:52,874][schnetpack.cli][INFO] - Instantiating logger <pytorch_lightning.loggers.tensorboard.TensorBoardLogger>
[2025-03-14 13:29:52,876][schnetpack.cli][INFO] - Instantiating trainer <pytorch_lightning.Trainer>
[2025-03-14 13:29:52,903][schnetpack.cli][INFO] - Logging hyperparameters.
[2025-03-14 13:29:53,749][schnetpack.cli][INFO] - Starting training.
[2025-03-14 13:29:53,790][root][INFO] - Setting up training data - checking connectivity of molecules using covalent radii from ASE with a factor of 1.3 and a maximum neighbor distance (i.e. placement cutoff) of 2.6.
[2025-03-18 16:55:51,302][schnetpack.cli][INFO] - Running on host: gpu004.avon.hpc
[2025-03-18 16:55:51,303][schnetpack.cli][INFO] - Config already exists in given directory /gpfs/home/chem/msummc/2192510_training_and_generation/drugs_subs/models/custom_data/drugs_run_30. Attempting to continue training.
[2025-03-18 16:55:51,403][schnetpack.cli][INFO] - Seed randomly...
[2025-03-18 16:55:51,517][schnetpack.cli][INFO] - Instantiating datamodule <schnetpack_gschnet.data.GenerativeAtomsDataModule>
[2025-03-18 16:55:51,751][schnetpack.cli][INFO] - Instantiating model <schnetpack_gschnet.ConditionalGenerativeSchNet>
[2025-03-18 16:55:51,772][schnetpack.cli][INFO] - Instantiating task <schnetpack_gschnet.ConditionalGenerativeSchNetTask>
[2025-03-18 16:55:51,788][schnetpack.cli][INFO] - Instantiating callback <schnetpack.train.ModelCheckpoint>
[2025-03-18 16:55:51,790][schnetpack.cli][INFO] - Instantiating callback <pytorch_lightning.callbacks.EarlyStopping>
[2025-03-18 16:55:51,790][schnetpack.cli][INFO] - Instantiating callback <pytorch_lightning.callbacks.LearningRateMonitor>
[2025-03-18 16:55:51,791][schnetpack.cli][INFO] - Instantiating callback <pytorch_lightning.callbacks.TQDMProgressBar>
[2025-03-18 16:55:51,791][schnetpack.cli][INFO] - Instantiating callback <pytorch_lightning.callbacks.ModelSummary>
[2025-03-18 16:55:51,791][schnetpack.cli][INFO] - Instantiating logger <pytorch_lightning.loggers.tensorboard.TensorBoardLogger>
[2025-03-18 16:55:51,793][schnetpack.cli][INFO] - Instantiating trainer <pytorch_lightning.Trainer>
[2025-03-18 16:55:51,821][schnetpack.cli][INFO] - Logging hyperparameters.
[2025-03-18 16:55:52,522][schnetpack.cli][INFO] - Starting training.
[2025-03-18 16:55:52,561][root][INFO] - Setting up training data - checking connectivity of molecules using covalent radii from ASE with a factor of 1.3 and a maximum neighbor distance (i.e. placement cutoff) of 2.6.
[2025-03-18 20:00:24,024][schnetpack.cli][INFO] - Running on host: gpu008.avon.hpc
[2025-03-18 20:00:24,026][schnetpack.cli][INFO] - Config already exists in given directory /gpfs/home/chem/msummc/2192510_training_and_generation/drugs_subs/models/custom_data/drugs_run_30. Attempting to continue training.
[2025-03-18 20:00:24,133][schnetpack.cli][INFO] - Seed randomly...
[2025-03-18 20:00:24,227][schnetpack.cli][INFO] - Instantiating datamodule <schnetpack_gschnet.data.GenerativeAtomsDataModule>
[2025-03-18 20:00:24,416][schnetpack.cli][INFO] - Instantiating model <schnetpack_gschnet.ConditionalGenerativeSchNet>
[2025-03-18 20:00:24,437][schnetpack.cli][INFO] - Instantiating task <schnetpack_gschnet.ConditionalGenerativeSchNetTask>
[2025-03-18 20:00:24,453][schnetpack.cli][INFO] - Instantiating callback <schnetpack.train.ModelCheckpoint>
[2025-03-18 20:00:24,454][schnetpack.cli][INFO] - Instantiating callback <pytorch_lightning.callbacks.EarlyStopping>
[2025-03-18 20:00:24,455][schnetpack.cli][INFO] - Instantiating callback <pytorch_lightning.callbacks.LearningRateMonitor>
[2025-03-18 20:00:24,455][schnetpack.cli][INFO] - Instantiating callback <pytorch_lightning.callbacks.TQDMProgressBar>
[2025-03-18 20:00:24,455][schnetpack.cli][INFO] - Instantiating callback <pytorch_lightning.callbacks.ModelSummary>
[2025-03-18 20:00:24,456][schnetpack.cli][INFO] - Instantiating logger <pytorch_lightning.loggers.tensorboard.TensorBoardLogger>
[2025-03-18 20:00:24,457][schnetpack.cli][INFO] - Instantiating trainer <pytorch_lightning.Trainer>
[2025-03-18 20:00:24,486][schnetpack.cli][INFO] - Logging hyperparameters.
[2025-03-18 20:00:25,128][schnetpack.cli][INFO] - Starting training.
[2025-03-18 20:00:25,167][root][INFO] - Setting up training data - checking connectivity of molecules using covalent radii from ASE with a factor of 1.3 and a maximum neighbor distance (i.e. placement cutoff) of 2.6.
[2025-03-25 15:08:25,315][schnetpack.cli][INFO] - Running on host: gpu012.avon.hpc
[2025-03-25 15:08:25,324][schnetpack.cli][INFO] - Config already exists in given directory /gpfs/home/chem/msummc/2192510_training_and_generation/drugs_subs/models/custom_data/drugs_run_30. Attempting to continue training.
[2025-03-25 15:08:25,413][schnetpack.cli][INFO] - Seed randomly...
[2025-03-25 15:08:25,481][schnetpack.cli][INFO] - Instantiating datamodule <schnetpack_gschnet.data.GenerativeAtomsDataModule>
[2025-03-25 15:08:25,690][schnetpack.cli][INFO] - Instantiating model <schnetpack_gschnet.ConditionalGenerativeSchNet>
[2025-03-25 15:08:25,710][schnetpack.cli][INFO] - Instantiating task <schnetpack_gschnet.ConditionalGenerativeSchNetTask>
[2025-03-25 15:08:25,727][schnetpack.cli][INFO] - Instantiating callback <schnetpack.train.ModelCheckpoint>
[2025-03-25 15:08:25,728][schnetpack.cli][INFO] - Instantiating callback <pytorch_lightning.callbacks.EarlyStopping>
[2025-03-25 15:08:25,729][schnetpack.cli][INFO] - Instantiating callback <pytorch_lightning.callbacks.LearningRateMonitor>
[2025-03-25 15:08:25,729][schnetpack.cli][INFO] - Instantiating callback <pytorch_lightning.callbacks.TQDMProgressBar>
[2025-03-25 15:08:25,730][schnetpack.cli][INFO] - Instantiating callback <pytorch_lightning.callbacks.ModelSummary>
[2025-03-25 15:08:25,730][schnetpack.cli][INFO] - Instantiating logger <pytorch_lightning.loggers.tensorboard.TensorBoardLogger>
[2025-03-25 15:08:25,732][schnetpack.cli][INFO] - Instantiating trainer <pytorch_lightning.Trainer>
[2025-03-25 15:08:25,759][schnetpack.cli][INFO] - Logging hyperparameters.
[2025-03-25 15:08:26,464][schnetpack.cli][INFO] - Starting training.
[2025-03-25 15:08:26,509][root][INFO] - Setting up training data - checking connectivity of molecules using covalent radii from ASE with a factor of 1.3 and a maximum neighbor distance (i.e. placement cutoff) of 2.6.
[2025-03-26 19:44:51,298][schnetpack.cli][INFO] - Running on host: gpu003.avon.hpc
[2025-03-26 19:44:51,313][schnetpack.cli][INFO] - Config already exists in given directory /gpfs/home/chem/msummc/2192510_training_and_generation/drugs_subs/models/custom_data/drugs_run_30. Attempting to continue training.
[2025-03-26 19:44:51,401][schnetpack.cli][INFO] - Seed randomly...
[2025-03-26 19:44:51,562][schnetpack.cli][INFO] - Instantiating datamodule <schnetpack_gschnet.data.GenerativeAtomsDataModule>
[2025-03-26 19:44:51,876][schnetpack.cli][INFO] - Instantiating model <schnetpack_gschnet.ConditionalGenerativeSchNet>
[2025-03-26 19:44:51,897][schnetpack.cli][INFO] - Instantiating task <schnetpack_gschnet.ConditionalGenerativeSchNetTask>
[2025-03-26 19:44:51,913][schnetpack.cli][INFO] - Instantiating callback <schnetpack.train.ModelCheckpoint>
[2025-03-26 19:44:51,915][schnetpack.cli][INFO] - Instantiating callback <pytorch_lightning.callbacks.EarlyStopping>
[2025-03-26 19:44:51,916][schnetpack.cli][INFO] - Instantiating callback <pytorch_lightning.callbacks.LearningRateMonitor>
[2025-03-26 19:44:51,916][schnetpack.cli][INFO] - Instantiating callback <pytorch_lightning.callbacks.TQDMProgressBar>
[2025-03-26 19:44:51,917][schnetpack.cli][INFO] - Instantiating callback <pytorch_lightning.callbacks.ModelSummary>
[2025-03-26 19:44:51,917][schnetpack.cli][INFO] - Instantiating logger <pytorch_lightning.loggers.tensorboard.TensorBoardLogger>
[2025-03-26 19:44:51,919][schnetpack.cli][INFO] - Instantiating trainer <pytorch_lightning.Trainer>
[2025-03-26 19:44:51,948][schnetpack.cli][INFO] - Logging hyperparameters.
[2025-03-26 19:44:52,964][schnetpack.cli][INFO] - Starting training.
[2025-03-26 19:44:53,016][root][INFO] - Setting up training data - checking connectivity of molecules using covalent radii from ASE with a factor of 1.3 and a maximum neighbor distance (i.e. placement cutoff) of 2.6.
[2025-03-26 21:49:23,193][root][INFO] - Done! Found 34 disconnected structures among the 6922516 molecules in the database. These structures will not be included in the training, validation, or test set. If you want to decrease this number, it might help to increase `placement_cutoff` (currently 2.6) and (if `use_covalent_radii` is set) `covalent_radius_factor` (currently 1.3).
[2025-03-30 03:19:54,673][schnetpack.cli][INFO] - Running on host: gpu015.avon.hpc
[2025-03-30 03:19:54,690][schnetpack.cli][INFO] - Config already exists in given directory /gpfs/home/chem/msummc/2192510_training_and_generation/drugs_subs/models/custom_data/drugs_run_30. Attempting to continue training.
[2025-03-30 03:19:54,734][schnetpack.cli][INFO] - Resuming from checkpoint /gpfs/home/chem/msummc/2192510_training_and_generation/drugs_subs/models/custom_data/drugs_run_30/checkpoints/last.ckpt
[2025-03-30 03:19:54,792][schnetpack.cli][INFO] - Seed randomly...
[2025-03-30 03:19:54,892][schnetpack.cli][INFO] - Instantiating datamodule <schnetpack_gschnet.data.GenerativeAtomsDataModule>
[2025-03-30 03:19:55,147][schnetpack.cli][INFO] - Instantiating model <schnetpack_gschnet.ConditionalGenerativeSchNet>
[2025-03-30 03:19:55,168][schnetpack.cli][INFO] - Instantiating task <schnetpack_gschnet.ConditionalGenerativeSchNetTask>
[2025-03-30 03:19:55,184][schnetpack.cli][INFO] - Instantiating callback <schnetpack.train.ModelCheckpoint>
[2025-03-30 03:19:55,185][schnetpack.cli][INFO] - Instantiating callback <pytorch_lightning.callbacks.EarlyStopping>
[2025-03-30 03:19:55,186][schnetpack.cli][INFO] - Instantiating callback <pytorch_lightning.callbacks.LearningRateMonitor>
[2025-03-30 03:19:55,186][schnetpack.cli][INFO] - Instantiating callback <pytorch_lightning.callbacks.TQDMProgressBar>
[2025-03-30 03:19:55,187][schnetpack.cli][INFO] - Instantiating callback <pytorch_lightning.callbacks.ModelSummary>
[2025-03-30 03:19:55,187][schnetpack.cli][INFO] - Instantiating logger <pytorch_lightning.loggers.tensorboard.TensorBoardLogger>
[2025-03-30 03:19:55,189][schnetpack.cli][INFO] - Instantiating trainer <pytorch_lightning.Trainer>
[2025-03-30 03:19:55,219][schnetpack.cli][INFO] - Logging hyperparameters.
[2025-03-30 03:19:55,900][schnetpack.cli][INFO] - Starting training.
[2025-03-30 03:19:55,945][root][INFO] - Setting up training data - checking connectivity of molecules using covalent radii from ASE with a factor of 1.3 and a maximum neighbor distance (i.e. placement cutoff) of 2.6.
[2025-03-30 03:20:30,253][root][INFO] - Using precomputed results stored in the metadata of the database. If you want to force the re-computation of disconnected structures, set force_preprocessing=True.
[2025-03-30 03:21:32,122][root][INFO] - Done! Found 34 disconnected structures among the 6922516 molecules in the database. These structures will not be included in the training, validation, or test set. If you want to decrease this number, it might help to increase `placement_cutoff` (currently 2.6) and (if `use_covalent_radii` is set) `covalent_radius_factor` (currently 1.3).
[2025-03-30 03:21:59,395][root][INFO] - Loading splits for training, validation and testing from existing split file at split.npz.
[2025-04-03 17:03:24,275][schnetpack.cli][INFO] - Running on host: gpu014.avon.hpc
[2025-04-03 17:03:24,295][schnetpack.cli][INFO] - Config already exists in given directory /gpfs/home/chem/msummc/2192510_training_and_generation/drugs_subs/models/custom_data/drugs_run_30. Attempting to continue training.
[2025-04-03 17:03:24,365][schnetpack.cli][INFO] - Resuming from checkpoint /gpfs/home/chem/msummc/2192510_training_and_generation/drugs_subs/models/custom_data/drugs_run_30/checkpoints/last.ckpt
[2025-04-03 17:03:24,421][schnetpack.cli][INFO] - Seed randomly...
[2025-04-03 17:03:24,599][schnetpack.cli][INFO] - Instantiating datamodule <schnetpack_gschnet.data.GenerativeAtomsDataModule>
[2025-04-03 17:03:25,646][schnetpack.cli][INFO] - Instantiating model <schnetpack_gschnet.ConditionalGenerativeSchNet>
[2025-04-03 17:03:25,667][schnetpack.cli][INFO] - Instantiating task <schnetpack_gschnet.ConditionalGenerativeSchNetTask>
[2025-04-03 17:03:25,684][schnetpack.cli][INFO] - Instantiating callback <schnetpack.train.ModelCheckpoint>
[2025-04-03 17:03:25,685][schnetpack.cli][INFO] - Instantiating callback <pytorch_lightning.callbacks.EarlyStopping>
[2025-04-03 17:03:25,686][schnetpack.cli][INFO] - Instantiating callback <pytorch_lightning.callbacks.LearningRateMonitor>
[2025-04-03 17:03:25,686][schnetpack.cli][INFO] - Instantiating callback <pytorch_lightning.callbacks.TQDMProgressBar>
[2025-04-03 17:03:25,686][schnetpack.cli][INFO] - Instantiating callback <pytorch_lightning.callbacks.ModelSummary>
[2025-04-03 17:03:25,687][schnetpack.cli][INFO] - Instantiating logger <pytorch_lightning.loggers.tensorboard.TensorBoardLogger>
[2025-04-03 17:03:25,689][schnetpack.cli][INFO] - Instantiating trainer <pytorch_lightning.Trainer>
[2025-04-03 17:03:25,772][schnetpack.cli][INFO] - Logging hyperparameters.
[2025-04-03 17:03:30,108][schnetpack.cli][INFO] - Starting training.
[2025-04-03 17:03:30,950][root][INFO] - Setting up training data - checking connectivity of molecules using covalent radii from ASE with a factor of 1.3 and a maximum neighbor distance (i.e. placement cutoff) of 2.6.
[2025-04-03 17:46:25,876][root][INFO] - Using precomputed results stored in the metadata of the database. If you want to force the re-computation of disconnected structures, set force_preprocessing=True.
[2025-04-03 19:13:28,948][root][INFO] - Done! Found 34 disconnected structures among the 6922516 molecules in the database. These structures will not be included in the training, validation, or test set. If you want to decrease this number, it might help to increase `placement_cutoff` (currently 2.6) and (if `use_covalent_radii` is set) `covalent_radius_factor` (currently 1.3).
[2025-04-03 19:34:22,452][root][INFO] - Loading splits for training, validation and testing from existing split file at split.npz.
[2025-04-04 04:57:08,993][schnetpack.cli][INFO] - Starting testing.
[2025-04-04 04:57:39,246][root][INFO] - Loading splits for training, validation and testing from existing split file at split.npz.
[2025-04-05 11:50:35,380][schnetpack.cli][INFO] - Best checkpoint path:
/gpfs/home/chem/msummc/2192510_training_and_generation/drugs_subs/models/custom_data/drugs_run_30/checkpoints/epoch=406.ckpt
[2025-04-05 11:50:35,380][schnetpack.cli][INFO] - Store best model
[2025-04-05 11:50:40,070][schnetpack.cli][INFO] - Best model stored at /gpfs/home/chem/msummc/2192510_training_and_generation/drugs_subs/models/custom_data/drugs_run_30/best_model
[2025-04-08 18:57:49,563][schnetpack_gschnet.cli][INFO] - Running on host: gpu007.avon.hpc
[2025-04-08 18:57:50,035][schnetpack_gschnet.cli][INFO] - Generating 20000 molecules in 2000 batches! Running on device "cuda".
[2025-04-09 01:56:32,681][schnetpack_gschnet.cli][INFO] - Finished generation. Wrote 4543 successfully generated molecules to the data base at /gpfs/home/chem/msummc/2192510_training_and_generation/drugs_subs/models/custom_data/drugs_run_30/generated_molecules/1.db!
[2025-04-11 17:49:04,743][schnetpack_gschnet.cli][INFO] - Running on host: gpu013.avon.hpc
[2025-04-11 17:49:05,137][schnetpack_gschnet.cli][INFO] - Generating 20000 molecules in 2000 batches! Running on device "cuda".
[2025-04-12 00:46:12,281][schnetpack_gschnet.cli][INFO] - Finished generation. Wrote 4646 successfully generated molecules to the data base at /gpfs/home/chem/msummc/2192510_training_and_generation/drugs_subs/models/custom_data/drugs_run_30/generated_molecules/2.db!
[2025-04-12 15:40:38,372][schnetpack_gschnet.cli][INFO] - Running on host: gpu014.avon.hpc
[2025-04-12 15:40:38,725][schnetpack_gschnet.cli][INFO] - Generating 20000 molecules in 2000 batches! Running on device "cuda".
[2025-04-12 22:38:07,605][schnetpack_gschnet.cli][INFO] - Finished generation. Wrote 4775 successfully generated molecules to the data base at /gpfs/home/chem/msummc/2192510_training_and_generation/drugs_subs/models/custom_data/drugs_run_30/generated_molecules/3.db!
[2025-04-13 18:05:58,567][schnetpack_gschnet.cli][INFO] - Running on host: gpu014.avon.hpc
[2025-04-13 18:05:59,002][schnetpack_gschnet.cli][INFO] - Generating 20000 molecules in 2000 batches! Running on device "cuda".
[2025-04-14 01:02:24,104][schnetpack_gschnet.cli][INFO] - Finished generation. Wrote 4753 successfully generated molecules to the data base at /gpfs/home/chem/msummc/2192510_training_and_generation/drugs_subs/models/custom_data/drugs_run_30/generated_molecules/4.db!
[2025-04-17 14:09:13,937][schnetpack_gschnet.cli][INFO] - Running on host: gpu006.avon.hpc
[2025-04-17 14:09:26,975][schnetpack_gschnet.cli][INFO] - Generating 20000 molecules in 2000 batches! Running on device "cuda".
[2025-04-17 21:10:43,949][schnetpack_gschnet.cli][INFO] - Finished generation. Wrote 4625 successfully generated molecules to the data base at /gpfs/home/chem/msummc/2192510_training_and_generation/drugs_subs/models/custom_data/drugs_run_30/generated_molecules/5.db!
