[2025-02-20 11:21:52,179][schnetpack.cli][INFO] - Running on host: gpu007.avon.hpc
[2025-02-20 11:21:52,249][schnetpack.cli][INFO] - Seed randomly...
[2025-02-20 11:21:52,385][schnetpack.cli][INFO] - Instantiating datamodule <schnetpack_gschnet.data.GenerativeAtomsDataModule>
[2025-02-20 11:21:52,666][schnetpack.cli][INFO] - Instantiating model <schnetpack_gschnet.ConditionalGenerativeSchNet>
[2025-02-20 11:21:52,701][schnetpack.cli][INFO] - Instantiating task <schnetpack_gschnet.ConditionalGenerativeSchNetTask>
[2025-02-20 11:21:52,718][schnetpack.cli][INFO] - Instantiating callback <schnetpack.train.ModelCheckpoint>
[2025-02-20 11:21:52,719][schnetpack.cli][INFO] - Instantiating callback <pytorch_lightning.callbacks.EarlyStopping>
[2025-02-20 11:21:52,720][schnetpack.cli][INFO] - Instantiating callback <pytorch_lightning.callbacks.LearningRateMonitor>
[2025-02-20 11:21:52,720][schnetpack.cli][INFO] - Instantiating callback <pytorch_lightning.callbacks.TQDMProgressBar>
[2025-02-20 11:21:52,720][schnetpack.cli][INFO] - Instantiating callback <pytorch_lightning.callbacks.ModelSummary>
[2025-02-20 11:21:52,721][schnetpack.cli][INFO] - Instantiating logger <pytorch_lightning.loggers.tensorboard.TensorBoardLogger>
[2025-02-20 11:21:52,722][schnetpack.cli][INFO] - Instantiating trainer <pytorch_lightning.Trainer>
[2025-02-20 11:21:52,750][schnetpack.cli][INFO] - Logging hyperparameters.
[2025-02-20 11:21:53,459][schnetpack.cli][INFO] - Starting training.
[2025-02-20 11:21:53,504][root][INFO] - Setting up training data - checking connectivity of molecules using covalent radii from ASE with a factor of 1.3 and a maximum neighbor distance (i.e. placement cutoff) of 2.6.
[2025-02-20 11:22:08,082][root][INFO] - Done! Found 1 disconnected structures among the 15552 molecules in the database. These structures will not be included in the training, validation, or test set. If you want to decrease this number, it might help to increase `placement_cutoff` (currently 2.6) and (if `use_covalent_radii` is set) `covalent_radius_factor` (currently 1.3).
[2025-02-22 12:44:21,330][schnetpack.cli][INFO] - Running on host: gpu016.avon.hpc
[2025-02-22 12:44:21,331][schnetpack.cli][INFO] - Config already exists in given directory /gpfs/home/chem/msummc/2192510_training_and_generation/models/custom_data/OE62_flat. Attempting to continue training.
[2025-02-22 12:44:21,438][schnetpack.cli][INFO] - Seed randomly...
[2025-02-22 12:44:21,531][schnetpack.cli][INFO] - Instantiating datamodule <schnetpack_gschnet.data.GenerativeAtomsDataModule>
[2025-02-22 12:44:21,810][schnetpack.cli][INFO] - Instantiating model <schnetpack_gschnet.ConditionalGenerativeSchNet>
[2025-02-22 12:44:21,831][schnetpack.cli][INFO] - Instantiating task <schnetpack_gschnet.ConditionalGenerativeSchNetTask>
[2025-02-22 12:44:21,847][schnetpack.cli][INFO] - Instantiating callback <schnetpack.train.ModelCheckpoint>
[2025-02-22 12:44:21,849][schnetpack.cli][INFO] - Instantiating callback <pytorch_lightning.callbacks.EarlyStopping>
[2025-02-22 12:44:21,849][schnetpack.cli][INFO] - Instantiating callback <pytorch_lightning.callbacks.LearningRateMonitor>
[2025-02-22 12:44:21,849][schnetpack.cli][INFO] - Instantiating callback <pytorch_lightning.callbacks.TQDMProgressBar>
[2025-02-22 12:44:21,850][schnetpack.cli][INFO] - Instantiating callback <pytorch_lightning.callbacks.ModelSummary>
[2025-02-22 12:44:21,850][schnetpack.cli][INFO] - Instantiating logger <pytorch_lightning.loggers.tensorboard.TensorBoardLogger>
[2025-02-22 12:44:21,852][schnetpack.cli][INFO] - Instantiating trainer <pytorch_lightning.Trainer>
[2025-02-22 12:44:21,880][schnetpack.cli][INFO] - Logging hyperparameters.
[2025-02-22 12:44:22,618][schnetpack.cli][INFO] - Starting training.
[2025-02-22 12:44:22,665][root][INFO] - Setting up training data - checking connectivity of molecules using covalent radii from ASE with a factor of 1.3 and a maximum neighbor distance (i.e. placement cutoff) of 2.6.
[2025-02-22 12:44:22,883][root][INFO] - Using precomputed results stored in the metadata of the database. If you want to force the re-computation of disconnected structures, set force_preprocessing=True.
[2025-02-22 12:44:22,885][root][INFO] - Done! Found 1 disconnected structures among the 15552 molecules in the database. These structures will not be included in the training, validation, or test set. If you want to decrease this number, it might help to increase `placement_cutoff` (currently 2.6) and (if `use_covalent_radii` is set) `covalent_radius_factor` (currently 1.3).
[2025-02-23 13:46:14,125][schnetpack.cli][INFO] - Starting testing.
[2025-02-23 13:46:14,145][root][INFO] - Loading splits for training, validation and testing from existing split file at split.npz.
[2025-02-23 13:47:04,265][schnetpack.cli][INFO] - Best checkpoint path:
/gpfs/home/chem/msummc/2192510_training_and_generation/models/custom_data/OE62_flat/checkpoints/epoch=429.ckpt
[2025-02-23 13:47:04,266][schnetpack.cli][INFO] - Store best model
[2025-02-23 13:47:04,677][schnetpack.cli][INFO] - Best model stored at /gpfs/home/chem/msummc/2192510_training_and_generation/models/custom_data/OE62_flat/best_model
[2025-02-24 15:57:38,273][schnetpack_gschnet.cli][INFO] - Running on host: gpu015.avon.hpc
[2025-02-24 15:57:38,669][schnetpack_gschnet.cli][INFO] - Generating 20000 molecules in 2000 batches! Running on device "cuda".
[2025-02-24 23:20:10,889][schnetpack_gschnet.cli][INFO] - Running on host: gpu003.avon.hpc
[2025-02-24 23:20:10,889][schnetpack_gschnet.cli][INFO] - Running on host: gpu003.avon.hpc
[2025-02-24 23:20:11,585][schnetpack_gschnet.cli][INFO] - Generating 20000 molecules in 2000 batches! Running on device "cuda".
[2025-02-24 23:24:12,559][schnetpack_gschnet.cli][INFO] - Running on host: gpu003.avon.hpc
[2025-02-24 23:24:13,147][schnetpack_gschnet.cli][INFO] - Generating 20000 molecules in 2000 batches! Running on device "cuda".
[2025-02-25 02:20:29,410][schnetpack_gschnet.cli][INFO] - Finished generation. Wrote 6133 successfully generated molecules to the data base at /gpfs/home/chem/msummc/2192510_training_and_generation/models/custom_data/OE62_flat/generated_molecules/3.db!
[2025-02-25 02:20:56,099][schnetpack_gschnet.cli][INFO] - Finished generation. Wrote 6230 successfully generated molecules to the data base at /gpfs/home/chem/msummc/2192510_training_and_generation/models/custom_data/OE62_flat/generated_molecules/2.db!
[2025-02-25 10:31:00,645][schnetpack_gschnet.cli][INFO] - Running on host: gpu003.avon.hpc
[2025-02-25 10:31:01,152][schnetpack_gschnet.cli][INFO] - Generating 20000 molecules in 2000 batches! Running on device "cuda".
[2025-02-25 13:25:44,341][schnetpack_gschnet.cli][INFO] - Finished generation. Wrote 6121 successfully generated molecules to the data base at /gpfs/home/chem/msummc/2192510_training_and_generation/models/custom_data/OE62_flat/generated_molecules/4.db!
[2025-02-25 16:27:32,394][schnetpack_gschnet.cli][INFO] - Running on host: gpu005.avon.hpc
[2025-02-25 16:27:32,442][schnetpack_gschnet.cli][INFO] - Running on host: gpu003.avon.hpc
[2025-02-25 16:27:32,442][schnetpack_gschnet.cli][INFO] - Running on host: gpu003.avon.hpc
[2025-02-25 16:27:32,879][schnetpack_gschnet.cli][INFO] - Generating 20000 molecules in 2000 batches! Running on device "cuda".
[2025-02-25 16:27:32,880][schnetpack_gschnet.cli][INFO] - Generating 20000 molecules in 2000 batches! Running on device "cuda".
[2025-02-25 16:32:34,044][schnetpack_gschnet.cli][INFO] - Running on host: gpu003.avon.hpc
[2025-02-25 16:32:34,565][schnetpack_gschnet.cli][INFO] - Generating 20000 molecules in 2000 batches! Running on device "cuda".
[2025-02-26 08:08:56,829][schnetpack_gschnet.cli][INFO] - Running on host: gpu013.avon.hpc
[2025-02-26 08:08:57,373][schnetpack_gschnet.cli][INFO] - Generating 20000 molecules in 2000 batches! Running on device "cuda".
[2025-02-26 10:03:43,941][schnetpack_gschnet.cli][INFO] - Running on host: gpu007.avon.hpc
[2025-02-26 10:03:45,095][schnetpack_gschnet.cli][INFO] - Generating 20000 molecules in 2000 batches! Running on device "cuda".
[2025-02-26 10:38:48,550][schnetpack_gschnet.cli][INFO] - Running on host: gpu007.avon.hpc
[2025-02-26 10:38:49,024][schnetpack_gschnet.cli][INFO] - Generating 20000 molecules in 2000 batches! Running on device "cuda".
[2025-02-26 18:18:28,539][schnetpack_gschnet.cli][INFO] - Finished generation. Wrote 10583 successfully generated molecules to the data base at /gpfs/home/chem/msummc/2192510_training_and_generation/models/custom_data/OE62_flat/generated_molecules/4.db!
[2025-02-26 20:18:05,858][schnetpack_gschnet.cli][INFO] - Finished generation. Wrote 10509 successfully generated molecules to the data base at /gpfs/home/chem/msummc/2192510_training_and_generation/models/custom_data/OE62_flat/generated_molecules/5.db!
[2025-02-26 20:51:14,642][schnetpack_gschnet.cli][INFO] - Finished generation. Wrote 10542 successfully generated molecules to the data base at /gpfs/home/chem/msummc/2192510_training_and_generation/models/custom_data/OE62_flat/generated_molecules/6.db!
