[2024-11-28 16:32:17,485][schnetpack.cli][INFO] - Running on host: gpu003.avon.hpc
[2024-11-28 16:32:17,559][schnetpack.cli][INFO] - Seed randomly...
[2024-11-28 16:32:17,725][schnetpack.cli][INFO] - Instantiating datamodule <schnetpack_gschnet.data.GenerativeAtomsDataModule>
[2024-11-28 16:32:17,992][schnetpack.cli][INFO] - Instantiating model <schnetpack_gschnet.ConditionalGenerativeSchNet>
[2024-11-28 16:32:18,013][schnetpack.cli][INFO] - Instantiating task <schnetpack_gschnet.ConditionalGenerativeSchNetTask>
[2024-11-28 16:32:18,029][schnetpack.cli][INFO] - Instantiating callback <schnetpack.train.ModelCheckpoint>
[2024-11-28 16:32:18,031][schnetpack.cli][INFO] - Instantiating callback <pytorch_lightning.callbacks.EarlyStopping>
[2024-11-28 16:32:18,031][schnetpack.cli][INFO] - Instantiating callback <pytorch_lightning.callbacks.LearningRateMonitor>
[2024-11-28 16:32:18,031][schnetpack.cli][INFO] - Instantiating callback <pytorch_lightning.callbacks.TQDMProgressBar>
[2024-11-28 16:32:18,032][schnetpack.cli][INFO] - Instantiating callback <pytorch_lightning.callbacks.ModelSummary>
[2024-11-28 16:32:18,032][schnetpack.cli][INFO] - Instantiating logger <pytorch_lightning.loggers.tensorboard.TensorBoardLogger>
[2024-11-28 16:32:18,034][schnetpack.cli][INFO] - Instantiating trainer <pytorch_lightning.Trainer>
[2024-11-28 16:32:18,062][schnetpack.cli][INFO] - Logging hyperparameters.
[2024-11-28 16:32:18,861][schnetpack.cli][INFO] - Starting training.
[2024-11-28 16:32:18,907][root][INFO] - Setting up training data - checking connectivity of molecules using covalent radii from ASE with a factor of 1.3 and a maximum neighbor distance (i.e. placement cutoff) of 2.6.
[2024-11-28 16:33:09,606][root][INFO] - Done! Found 4 disconnected structures among the 61489 molecules in the database. These structures will not be included in the training, validation, or test set. If you want to decrease this number, it might help to increase `placement_cutoff` (currently 2.6) and (if `use_covalent_radii` is set) `covalent_radius_factor` (currently 1.3).
[2024-12-01 15:57:22,098][schnetpack.cli][INFO] - Running on host: gpu002.avon.hpc
[2024-12-01 15:57:22,099][schnetpack.cli][INFO] - Config already exists in given directory /gpfs/home/chem/msummc/2192510_training_and_generation/models/custom_data/1.3_2.6_run. Attempting to continue training.
[2024-12-01 15:57:22,145][schnetpack.cli][INFO] - Resuming from checkpoint /gpfs/home/chem/msummc/2192510_training_and_generation/models/custom_data/1.3_2.6_run/checkpoints/last.ckpt
[2024-12-01 15:57:22,198][schnetpack.cli][INFO] - Seed randomly...
[2024-12-01 15:57:22,310][schnetpack.cli][INFO] - Instantiating datamodule <schnetpack_gschnet.data.GenerativeAtomsDataModule>
[2024-12-01 15:57:22,499][schnetpack.cli][INFO] - Instantiating model <schnetpack_gschnet.ConditionalGenerativeSchNet>
[2024-12-01 15:57:22,534][schnetpack.cli][INFO] - Instantiating task <schnetpack_gschnet.ConditionalGenerativeSchNetTask>
[2024-12-01 15:57:22,598][schnetpack.cli][INFO] - Instantiating callback <schnetpack.train.ModelCheckpoint>
[2024-12-01 15:57:22,600][schnetpack.cli][INFO] - Instantiating callback <pytorch_lightning.callbacks.EarlyStopping>
[2024-12-01 15:57:22,600][schnetpack.cli][INFO] - Instantiating callback <pytorch_lightning.callbacks.LearningRateMonitor>
[2024-12-01 15:57:22,601][schnetpack.cli][INFO] - Instantiating callback <pytorch_lightning.callbacks.TQDMProgressBar>
[2024-12-01 15:57:22,601][schnetpack.cli][INFO] - Instantiating callback <pytorch_lightning.callbacks.ModelSummary>
[2024-12-01 15:57:22,602][schnetpack.cli][INFO] - Instantiating logger <pytorch_lightning.loggers.tensorboard.TensorBoardLogger>
[2024-12-01 15:57:22,603][schnetpack.cli][INFO] - Instantiating trainer <pytorch_lightning.Trainer>
[2024-12-01 15:57:22,634][schnetpack.cli][INFO] - Logging hyperparameters.
[2024-12-01 15:57:23,224][schnetpack.cli][INFO] - Starting training.
[2024-12-01 15:57:23,268][root][INFO] - Setting up training data - checking connectivity of molecules using covalent radii from ASE with a factor of 1.3 and a maximum neighbor distance (i.e. placement cutoff) of 2.6.
[2024-12-01 15:57:23,687][root][INFO] - Using precomputed results stored in the metadata of the database. If you want to force the re-computation of disconnected structures, set force_preprocessing=True.
[2024-12-01 15:57:23,701][root][INFO] - Done! Found 4 disconnected structures among the 61489 molecules in the database. These structures will not be included in the training, validation, or test set. If you want to decrease this number, it might help to increase `placement_cutoff` (currently 2.6) and (if `use_covalent_radii` is set) `covalent_radius_factor` (currently 1.3).
[2024-12-01 15:57:23,714][root][INFO] - Loading splits for training, validation and testing from existing split file at split.npz.
[2024-12-03 14:02:58,618][schnetpack.cli][INFO] - Starting testing.
[2024-12-03 14:02:58,664][root][INFO] - Loading splits for training, validation and testing from existing split file at split.npz.
[2024-12-03 14:05:42,457][schnetpack.cli][INFO] - Best checkpoint path:
/gpfs/home/chem/msummc/2192510_training_and_generation/models/custom_data/1.3_2.6_run/checkpoints/epoch=443.ckpt
[2024-12-03 14:05:42,457][schnetpack.cli][INFO] - Store best model
[2024-12-03 14:05:43,901][schnetpack.cli][INFO] - Best model stored at /gpfs/home/chem/msummc/2192510_training_and_generation/models/custom_data/1.3_2.6_run/best_model
[2024-12-03 15:00:04,630][schnetpack_gschnet.cli][INFO] - Running on host: gpu001.avon.hpc
[2024-12-03 15:00:05,207][schnetpack_gschnet.cli][INFO] - Generating 20000 molecules in 2000 batches! Running on device "cuda".
[2024-12-03 17:05:02,695][schnetpack_gschnet.cli][INFO] - Finished generation. Wrote 6585 successfully generated molecules to the data base at /gpfs/home/chem/msummc/2192510_training_and_generation/models/custom_data/1.3_2.6_run/generated_molecules/1.db!
[2024-12-03 17:19:12,383][schnetpack_gschnet.cli][INFO] - Running on host: gpu001.avon.hpc
[2024-12-03 17:19:12,427][schnetpack_gschnet.cli][INFO] - Running on host: gpu002.avon.hpc
[2024-12-03 17:19:12,986][schnetpack_gschnet.cli][INFO] - Generating 20000 molecules in 2000 batches! Running on device "cuda".
[2024-12-03 17:19:13,077][schnetpack_gschnet.cli][INFO] - Generating 20000 molecules in 2000 batches! Running on device "cuda".
[2024-12-03 18:15:32,514][schnetpack_gschnet.cli][INFO] - Running on host: gpu004.avon.hpc
[2024-12-03 18:15:32,944][schnetpack_gschnet.cli][INFO] - Generating 20000 molecules in 2000 batches! Running on device "cuda".
[2024-12-03 19:19:47,334][schnetpack_gschnet.cli][INFO] - Finished generation. Wrote 6622 successfully generated molecules to the data base at /gpfs/home/chem/msummc/2192510_training_and_generation/models/custom_data/1.3_2.6_run/generated_molecules/2.db!
[2024-12-03 19:25:30,081][schnetpack_gschnet.cli][INFO] - Finished generation. Wrote 6497 successfully generated molecules to the data base at /gpfs/home/chem/msummc/2192510_training_and_generation/models/custom_data/1.3_2.6_run/generated_molecules/1.db!
[2024-12-03 20:14:27,577][schnetpack_gschnet.cli][INFO] - Finished generation. Wrote 6629 successfully generated molecules to the data base at /gpfs/home/chem/msummc/2192510_training_and_generation/models/custom_data/1.3_2.6_run/generated_molecules/3.db!
